Welcome to MAGMA v1.05b (linux/s)
Using flags:
	--bfile /hp_shares/mgandal/datasets/MAGMA/Ref/g1000
	--gene-annot /hp_shares/mgandal/datasets/MAGMA/Ref/hg19_gencodeV19_magma.genes.annot
	--set-annot /hp_shares/mgandal/datasets/MAGMA/CrossDisorder/CDmods_ensg_ForMagma.txt col=1,2
	--pval /hp_shares/mgandal/datasets/GWAS/ETOH.AlcGen.2011/ETOH.gwas.txt N=23347
	--out /hp_shares/mgandal/datasets/MAGMA/CrossDisorder/AAD.AlcGen.2011

Start time is 16:45:01, Tuesday 01 Nov 2016

Loading PLINK-format data...
Reading file /hp_shares/mgandal/datasets/MAGMA/Ref/g1000.fam... 379 individuals read
Reading file /hp_shares/mgandal/datasets/MAGMA/Ref/g1000.bim... 11158088 SNPs read
Preparing file /hp_shares/mgandal/datasets/MAGMA/Ref/g1000.bed... 
Reading SNP p-values from file /hp_shares/mgandal/datasets/GWAS/ETOH.AlcGen.2011/ETOH.gwas.txt... 
	detected 2 variables in file
	using variable: SNP (SNP id)
	using variable: p (p-value)
	read 2611003 lines from file, containing valid SNP p-values for 2517549 SNPs in data (96.42%)

Loading gene annotation from file /hp_shares/mgandal/datasets/MAGMA/Ref/hg19_gencodeV19_magma.genes.annot... 
	47702 gene definitions read from file
	found 36186 genes containing SNPs in genotype data

Starting gene analysis... 
	using model: SNPwise-sum
	writing gene analysis results to file /hp_shares/mgandal/datasets/MAGMA/CrossDisorder/AAD.AlcGen.2011.genes.out
	writing intermediate output to file /hp_shares/mgandal/datasets/MAGMA/CrossDisorder/AAD.AlcGen.2011.genes.raw

Loading gene-set annotation...
Reading file /hp_shares/mgandal/datasets/MAGMA/CrossDisorder/CDmods_ensg_ForMagma.txt... 
	detected 2 variables in file
	using variable: variable 1 (gene ID)
	using variable: variable 2 (set ID)
	found 14 gene sets containing genes defined in genotype data (containing a total of 10638 unique genes)

Starting gene-level analysis...
	conditioning competitive gene-set analysis and gene covariate analysis on variables:	
		genesize, log_genesize (internal)
		genedensity, log_genedensity (internal)
		inverse_mac, log_inverse_mac (internal)
	writing gene-set analysis results to file /hp_shares/mgandal/datasets/MAGMA/CrossDisorder/AAD.AlcGen.2011.sets.out


End time is 16:52:17, Tuesday 01 Nov 2016 (elapsed: 00:07:16)
