Welcome to MAGMA v1.05b (linux/s)
Using flags:
	--bfile /hp_shares/mgandal/datasets/MAGMA/Ref/g1000
	--gene-annot /hp_shares/mgandal/datasets/MAGMA/Ref/hg19_gencodeV19_magma.genes.annot
	--set-annot /hp_shares/mgandal/datasets/MAGMA/CrossDisorder/CDmods_ensg_ForMagma.txt col=1,2
	--pval /hp_shares/mgandal/datasets/GWAS/ASD.iPSYCH.2017/ASD.iPSYCH.2017_rsOnly.txt N=7000
	--out /hp_shares/mgandal/datasets/MAGMA/CrossDisorder/ASD.iPSYCH.2017

Start time is 14:37:18, Saturday 03 Jun 2017

Loading PLINK-format data...
Reading file /hp_shares/mgandal/datasets/MAGMA/Ref/g1000.fam... 379 individuals read
Reading file /hp_shares/mgandal/datasets/MAGMA/Ref/g1000.bim... 11158088 SNPs read
Preparing file /hp_shares/mgandal/datasets/MAGMA/Ref/g1000.bed... 
Reading SNP p-values from file /hp_shares/mgandal/datasets/GWAS/ASD.iPSYCH.2017/ASD.iPSYCH.2017_rsOnly.txt... 
	detected 12 variables in file
	using variable: SNP (SNP id)
	using variable: P (p-value)
	read 7829126 lines from file, containing valid SNP p-values for 6928662 SNPs in data (88.5%)

Loading gene annotation from file /hp_shares/mgandal/datasets/MAGMA/Ref/hg19_gencodeV19_magma.genes.annot... 
	47702 gene definitions read from file
	found 41504 genes containing SNPs in genotype data

Starting gene analysis... 
	using model: SNPwise-sum
	writing gene analysis results to file /hp_shares/mgandal/datasets/MAGMA/CrossDisorder/ASD.iPSYCH.2017.genes.out
	writing intermediate output to file /hp_shares/mgandal/datasets/MAGMA/CrossDisorder/ASD.iPSYCH.2017.genes.raw

Loading gene-set annotation...
Reading file /hp_shares/mgandal/datasets/MAGMA/CrossDisorder/CDmods_ensg_ForMagma.txt... 
	detected 2 variables in file
	using variable: variable 1 (gene ID)
	using variable: variable 2 (set ID)
	found 14 gene sets containing genes defined in genotype data (containing a total of 10491 unique genes)

Starting gene-level analysis...
	conditioning competitive gene-set analysis and gene covariate analysis on variables:	
		genesize, log_genesize (internal)
		genedensity, log_genedensity (internal)
		inverse_mac, log_inverse_mac (internal)
	writing gene-set analysis results to file /hp_shares/mgandal/datasets/MAGMA/CrossDisorder/ASD.iPSYCH.2017.sets.out


End time is 14:57:03, Saturday 03 Jun 2017 (elapsed: 00:19:45)
