Welcome to MAGMA v1.05b (linux/s)
Using flags:
	--bfile /hp_shares/mgandal/datasets/MAGMA/Ref/g1000
	--gene-annot /hp_shares/mgandal/datasets/MAGMA/Ref/hg19_gencodeV19_magma.genes.annot
	--set-annot /hp_shares/mgandal/datasets/MAGMA/CrossDisorder/CDmods_ensg_ForMagma.txt col=1,2
	--pval /hp_shares/mgandal/datasets/GWAS/IBD.2015/EUR.IBD.gwas_info03_filtered.assoc N=23347
	--out /hp_shares/mgandal/datasets/MAGMA/CrossDisorder/IBD.IDDRC.2015

Start time is 17:14:12, Tuesday 01 Nov 2016

Loading PLINK-format data...
Reading file /hp_shares/mgandal/datasets/MAGMA/Ref/g1000.fam... 379 individuals read
Reading file /hp_shares/mgandal/datasets/MAGMA/Ref/g1000.bim... 11158088 SNPs read
Preparing file /hp_shares/mgandal/datasets/MAGMA/Ref/g1000.bed... 
Reading SNP p-values from file /hp_shares/mgandal/datasets/GWAS/IBD.2015/EUR.IBD.gwas_info03_filtered.assoc... 
	detected 16 variables in file
	using variable: SNP (SNP id)
	using variable: P (p-value)
	read 11555657 lines from file, containing valid SNP p-values for 9916928 SNPs in data (85.82%)

Loading gene annotation from file /hp_shares/mgandal/datasets/MAGMA/Ref/hg19_gencodeV19_magma.genes.annot... 
	47702 gene definitions read from file
	found 45158 genes containing SNPs in genotype data

Starting gene analysis... 
	using model: SNPwise-sum
	writing gene analysis results to file /hp_shares/mgandal/datasets/MAGMA/CrossDisorder/IBD.IDDRC.2015.genes.out
	writing intermediate output to file /hp_shares/mgandal/datasets/MAGMA/CrossDisorder/IBD.IDDRC.2015.genes.raw

Loading gene-set annotation...
Reading file /hp_shares/mgandal/datasets/MAGMA/CrossDisorder/CDmods_ensg_ForMagma.txt... 
	detected 2 variables in file
	using variable: variable 1 (gene ID)
	using variable: variable 2 (set ID)
	found 14 gene sets containing genes defined in genotype data (containing a total of 10703 unique genes)

Starting gene-level analysis...
	conditioning competitive gene-set analysis and gene covariate analysis on variables:	
		genesize, log_genesize (internal)
		genedensity, log_genedensity (internal)
		inverse_mac, log_inverse_mac (internal)
	writing gene-set analysis results to file /hp_shares/mgandal/datasets/MAGMA/CrossDisorder/IBD.IDDRC.2015.sets.out
	writing gene analysis results by gene set to file /hp_shares/mgandal/datasets/MAGMA/CrossDisorder/IBD.IDDRC.2015.setgenes.out for significant gene sets (after multiple testing correction, at alpha = 0.05)


End time is 17:46:02, Tuesday 01 Nov 2016 (elapsed: 00:31:50)
